[2026-07-08 21:16:52,438] WARNING | Code execution failed (iteration 1): 语法错误 (行 41): f-string: closing parenthesis '}' does not match opening parenthesis '('
[2026-07-08 21:17:40,788] WARNING | Code execution failed (iteration 1): ValueError: invalid literal for int() with base 10: '96.2'
[2026-07-08 21:24:22,896] WARNING | Code execution failed (iteration 1): TargetClosedError: Page.fill: Target page, context or browser has been closed
Call log:
  - waiting for locator("#kw")
    - locator resolved to <input id="kw" value="" name="wd" class="s_ipt" maxlength="255" autocomplete="off" placeholder="47岁高校教师因癌去世"/>
    - fill("how to process visa in China")
  - attempting fill action
    2 × waiting for element to be visible, enabled and editable
      - element is not visible
    - retrying fill action
    - waiting 20ms
    2 × waiting for element to be visible, enabled and editable
      - element is not visible
    - retrying fill action
      - waiting 100ms
    50 × waiting for element to be visible, enabled and editable
       - element is not visible
     - retrying fill action
       - waiting 500ms

[2026-07-08 22:46:25,004] WARNING | Code execution failed (iteration 1): OSError: [Errno 22] Invalid argument: 'ambulance.png'
[2026-07-08 22:47:08,500] WARNING | Code execution failed (iteration 1): OSError: [Errno 22] Invalid argument: 'ambulance.png'
[2026-07-08 22:49:36,937] WARNING | Code execution failed (iteration 1): OSError: [Errno 22] Invalid argument: 'ambulance.png'
[2026-07-08 23:13:55,952] WARNING | Code execution failed (iteration 1): OSError: [Errno 22] Invalid argument: 'temp_history'
